<?xml version="1.0" encoding="UTF-8"?>
<!-- Generated by org.testng.reporters.JUnitReportReporter -->
<testsuite hostname="LAPTOP-KIS89C40" failures="0" tests="3" name="org.example.testCases.OrangeHRMTest" time="37.717" errors="0" timestamp="2023-09-11T16:48:17 IST" skipped="0">
  <testcase classname="org.example.testCases.OrangeHRMTest" name="regression_login_invalid" time="13.412"/>
  <testcase classname="org.example.testCases.OrangeHRMTest" name="regression_dashboardValidate" time="15.485"/>
  <testcase classname="org.example.testCases.OrangeHRMTest" name="regression_login" time="8.820"/>
</testsuite> <!-- org.example.testCases.OrangeHRMTest -->
