<?xml version="1.0" encoding="UTF-8"?>
<!-- Generated by org.testng.reporters.JUnitReportReporter -->
<testsuite hostname="LAPTOP-KIS89C40" failures="0" tests="2" name="org.example.testCases.QaPracticeTest" time="22.275" errors="0" timestamp="2024-09-22T13:45:06 IST" skipped="0">
  <testcase classname="org.example.testCases.QaPracticeTest" name="login_negative" time="11.133"/>
  <testcase classname="org.example.testCases.QaPracticeTest" name="login_positive" time="11.142"/>
</testsuite> <!-- org.example.testCases.QaPracticeTest -->
